2018-06-01 17:41:54,795 INFO o.a.j.u.JMeterUtils: Setting Locale to en_US
2018-06-01 17:41:54,809 INFO o.a.j.JMeter: Loading user properties from: /home/shavantha/products/jmeter/apache-jmeter-3.2/bin/user.properties
2018-06-01 17:41:54,810 INFO o.a.j.JMeter: Loading system properties from: /home/shavantha/products/jmeter/apache-jmeter-3.2/bin/system.properties
2018-06-01 17:41:54,814 INFO o.a.j.JMeter: Copyright (c) 1998-2017 The Apache Software Foundation
2018-06-01 17:41:54,814 INFO o.a.j.JMeter: Version 3.2 r1790748
2018-06-01 17:41:54,814 INFO o.a.j.JMeter: java.version=1.8.0_131
2018-06-01 17:41:54,814 INFO o.a.j.JMeter: java.vm.name=Java HotSpot(TM) 64-Bit Server VM
2018-06-01 17:41:54,814 INFO o.a.j.JMeter: os.name=Linux
2018-06-01 17:41:54,814 INFO o.a.j.JMeter: os.arch=amd64
2018-06-01 17:41:54,814 INFO o.a.j.JMeter: os.version=4.15.0-22-generic
2018-06-01 17:41:54,814 INFO o.a.j.JMeter: file.encoding=UTF-8
2018-06-01 17:41:54,814 INFO o.a.j.JMeter: Max memory     =1724383232
2018-06-01 17:41:54,814 INFO o.a.j.JMeter: Available Processors =4
2018-06-01 17:41:54,817 INFO o.a.j.JMeter: Default Locale=English (United States)
2018-06-01 17:41:54,818 INFO o.a.j.JMeter: JMeter  Locale=English (United States)
2018-06-01 17:41:54,818 INFO o.a.j.JMeter: JMeterHome=/home/shavantha/products/jmeter/apache-jmeter-3.2
2018-06-01 17:41:54,818 INFO o.a.j.JMeter: user.dir  =/home/shavantha/products/jmeter/SeleniumWithJmeter
2018-06-01 17:41:54,818 INFO o.a.j.JMeter: PWD       =/home/shavantha/products/jmeter/SeleniumWithJmeter
2018-06-01 17:41:54,818 INFO o.a.j.JMeter: IP: 127.0.1.1 Name: shavantha-ThinkPad-X1-Carbon-4th FullName: shavantha-ThinkPad-X1-Carbon-4th
2018-06-01 17:41:54,821 INFO o.a.j.s.FileServer: Default base='/home/shavantha/products/jmeter/SeleniumWithJmeter'
2018-06-01 17:41:54,822 INFO o.a.j.s.FileServer: Set new base='/home/shavantha/products/jmeter/SeleniumWithJmeter'
2018-06-01 17:41:54,913 INFO o.a.j.s.SaveService: Testplan (JMX) version: 2.2. Testlog (JTL) version: 2.2
2018-06-01 17:41:54,926 INFO o.a.j.s.SaveService: Using SaveService properties file encoding UTF-8
2018-06-01 17:41:54,931 INFO o.a.j.s.SaveService: Using SaveService properties version 3.2
2018-06-01 17:41:54,935 INFO o.a.j.s.SaveService: Loading file: Selenium_with_jmeter.jmx
2018-06-01 17:41:54,967 INFO o.a.j.p.h.c.CookieManager: Settings: Delete null: true Check: true Allow variable: true Save: false Prefix: COOKIE_
2018-06-01 17:41:55,007 INFO o.a.j.JMeter: Creating summariser <summary>
2018-06-01 17:41:55,011 INFO o.a.j.e.StandardJMeterEngine: Running the test!
2018-06-01 17:41:55,012 INFO o.a.j.s.SampleEvent: List of sample_variables: []
2018-06-01 17:41:55,012 INFO o.a.j.s.SampleEvent: List of sample_variables: []
2018-06-01 17:41:55,016 INFO o.a.j.e.u.CompoundVariable: Note: Function class names must contain the string: '.functions.'
2018-06-01 17:41:55,016 INFO o.a.j.e.u.CompoundVariable: Note: Function class names must not contain the string: '.gui.'
2018-06-01 17:41:55,582 INFO o.a.j.JMeter: Running test (1527855115582)
2018-06-01 17:41:55,658 INFO o.a.j.e.StandardJMeterEngine: Starting ThreadGroup: 1 : Thread Group
2018-06-01 17:41:55,658 INFO o.a.j.e.StandardJMeterEngine: Starting 1 threads for group Thread Group.
2018-06-01 17:41:55,658 INFO o.a.j.e.StandardJMeterEngine: Thread will continue on error
2018-06-01 17:41:55,658 INFO o.a.j.t.ThreadGroup: Starting thread group... number=1 threads=1 ramp-up=1 perThread=1000.0 delayedStart=true
2018-06-01 17:41:55,659 INFO o.a.j.t.ThreadGroup: Started thread group number 1
2018-06-01 17:41:55,659 INFO o.a.j.e.StandardJMeterEngine: All thread groups have been started
2018-06-01 17:41:55,664 INFO o.a.j.t.JMeterThread: Thread started: Thread Group 1-1
2018-06-01 17:41:55,666 INFO o.a.j.s.SampleResult: Note: Sample TimeStamps are START times
2018-06-01 17:41:55,666 INFO o.a.j.s.SampleResult: sampleresult.default.encoding is set to ISO-8859-1
2018-06-01 17:41:55,666 INFO o.a.j.s.SampleResult: sampleresult.useNanoTime=true
2018-06-01 17:41:55,666 INFO o.a.j.s.SampleResult: sampleresult.nanoThreadSleep=5000
2018-06-01 17:41:58,010 INFO o.a.j.t.JMeterThread: Thread is done: Thread Group 1-1
2018-06-01 17:41:58,010 INFO o.a.j.t.JMeterThread: Thread finished: Thread Group 1-1
2018-06-01 17:41:58,010 INFO o.a.j.e.StandardJMeterEngine: Notifying test listeners of end of test
2018-06-01 17:41:58,011 INFO o.a.j.r.Summariser: summary =      1 in 00:00:02 =    0.4/s Avg:  2338 Min:  2338 Max:  2338 Err:     0 (0.00%)
